app/build/intermediates/manifest_merge_blame_file/debug/manifest-merger-blame-debug-report.txt
1<?xml version="1.0" encoding="utf-8"?>
2<manifest xmlns:android="http://schemas.android.com/apk/res/android"
3    package="com.itla.calculadora"
4    android:versionCode="1"
5    android:versionName="1.0" >
6
7    <uses-sdk
8        android:minSdkVersion="28"
8-->src/main/AndroidManifest.xml
9        android:targetSdkVersion="29" />
9-->src/main/AndroidManifest.xml
10
11    <application
11-->src/main/AndroidManifest.xml:5:2-19:16
12        android:allowBackup="true"
12-->src/main/AndroidManifest.xml:6:3-29
13        android:appComponentFactory="androidx.core.app.CoreComponentFactory"
13-->[androidx.core:core:1.1.0] AndroidManifest.xml:24:18-86
14        android:debuggable="true"
15        android:extractNativeLibs="false"
16        android:icon="@mipmap/ic_launcher"
16-->src/main/AndroidManifest.xml:7:3-37
17        android:label="@string/app_name"
17-->src/main/AndroidManifest.xml:8:3-35
18        android:roundIcon="@mipmap/ic_launcher_round"
18-->src/main/AndroidManifest.xml:9:3-48
19        android:supportsRtl="true"
19-->src/main/AndroidManifest.xml:10:3-29
20        android:testOnly="true"
21        android:theme="@style/AppTheme" >
21-->src/main/AndroidManifest.xml:11:3-34
22        <activity android:name="com.itla.calculadora.MainActivity" >
22-->src/main/AndroidManifest.xml:12:3-18:14
22-->src/main/AndroidManifest.xml:12:13-41
23            <intent-filter>
23-->src/main/AndroidManifest.xml:13:4-17:20
24                <action android:name="android.intent.action.MAIN" />
24-->src/main/AndroidManifest.xml:14:5-57
24-->src/main/AndroidManifest.xml:14:13-54
25
26                <category android:name="android.intent.category.LAUNCHER" />
26-->src/main/AndroidManifest.xml:16:5-65
26-->src/main/AndroidManifest.xml:16:15-62
27            </intent-filter>
28        </activity>
29    </application>
30
31</manifest>